{
  "RSpec": {
    "coverage": {
      "/home/wxu/CodeCore/Lab/fundsy/spec/support/user_authentication_helper.rb": [
        1,
        null,
        1,
        25,
        null,
        null,
        1,
        1,
        1,
        1,
        1,
        null,
        null
      ],
      "/home/wxu/CodeCore/Lab/fundsy/app/controllers/campaigns_controller.rb": [
        1,
        1,
        1,
        1,
        null,
        1,
        3,
        null,
        null,
        null,
        1,
        7,
        7,
        null,
        7,
        null,
        4,
        null,
        3,
        3,
        null,
        null,
        null,
        1,
        null,
        null,
        null,
        null,
        1,
        8,
        null,
        null,
        null,
        1,
        null,
        null,
        null,
        null,
        1,
        6,
        null,
        3,
        null,
        3,
        3,
        null,
        null,
        null,
        1,
        3,
        3,
        null,
        null,
        null,
        1,
        null,
        1,
        14,
        11,
        null,
        1,
        3,
        null,
        1,
        13,
        null,
        null
      ],
      "/home/wxu/CodeCore/Lab/fundsy/app/controllers/application_controller.rb": [
        1,
        null,
        null,
        1,
        null,
        1,
        29,
        5,
        null,
        null,
        null,
        1,
        50,
        null,
        1,
        null,
        1,
        21,
        null,
        21,
        null,
        null,
        1,
        null
      ],
      "/home/wxu/CodeCore/Lab/fundsy/spec/controllers/sessions_controller_spec.rb": [
        1,
        null,
        1,
        10,
        1,
        1,
        1,
        1,
        null,
        1,
        1,
        1,
        null,
        null,
        null,
        1,
        1,
        1,
        3,
        null,
        null,
        1,
        1,
        1,
        null,
        1,
        1,
        1,
        null,
        1,
        1,
        1,
        null,
        null,
        1,
        1,
        3,
        null,
        null,
        1,
        1,
        1,
        null,
        1,
        1,
        1,
        null,
        1,
        1,
        1,
        null,
        null,
        null,
        null,
        1,
        1,
        3,
        3,
        null,
        1,
        1,
        null,
        1,
        1,
        null,
        1,
        1,
        null,
        null,
        null,
        null
      ],
      "/home/wxu/CodeCore/Lab/fundsy/app/controllers/sessions_controller.rb": [
        1,
        null,
        null,
        1,
        4,
        null,
        null,
        null,
        1,
        8,
        8,
        5,
        5,
        null,
        null,
        3,
        3,
        null,
        null,
        null,
        1,
        3,
        3,
        null,
        null,
        null,
        null,
        1,
        null,
        1,
        0,
        null,
        null
      ],
      "/home/wxu/CodeCore/Lab/fundsy/spec/controllers/users_controller_spec.rb": [
        1,
        null,
        1,
        null,
        1,
        1,
        1,
        1,
        null,
        null,
        1,
        1,
        1,
        null,
        null,
        null,
        1,
        null,
        1,
        1,
        3,
        null,
        null,
        null,
        null,
        null,
        null,
        1,
        4,
        null,
        null,
        1,
        1,
        1,
        null,
        null,
        1,
        1,
        1,
        null,
        null,
        null,
        1,
        1,
        3,
        null,
        null,
        null,
        null,
        null,
        null,
        1,
        4,
        null,
        null,
        1,
        1,
        1,
        null,
        null,
        1,
        1,
        1,
        null,
        null,
        null,
        null,
        null,
        null
      ],
      "/home/wxu/CodeCore/Lab/fundsy/app/controllers/users_controller.rb": [
        1,
        null,
        1,
        2,
        null,
        null,
        null,
        1,
        6,
        6,
        null,
        3,
        null,
        3,
        3,
        null,
        null,
        null,
        null,
        1,
        null,
        1,
        6,
        null,
        null,
        null,
        null
      ],
      "/home/wxu/CodeCore/Lab/fundsy/spec/features/campaigns_spec.rb": [
        1,
        null,
        1,
        2,
        null,
        1,
        1,
        1,
        1,
        null,
        null,
        1,
        1,
        1,
        null,
        null,
        null,
        1,
        3,
        3,
        null,
        1,
        1,
        1,
        null,
        1,
        1,
        null,
        null,
        1,
        null,
        null,
        null,
        null,
        null,
        1,
        1,
        1,
        1,
        null,
        null,
        1,
        1,
        1,
        1,
        null,
        1,
        null,
        1,
        1,
        1,
        null,
        null,
        null,
        null,
        null
      ],
      "/home/wxu/CodeCore/Lab/fundsy/spec/features/sessions_spec.rb": [
        1,
        null,
        1,
        1,
        2,
        null,
        1,
        1,
        1,
        1,
        1,
        1,
        null,
        null,
        null,
        null
      ],
      "/home/wxu/CodeCore/Lab/fundsy/spec/helpers/sessions_helper_spec.rb": [
        1,
        null,
        null,
        null,
        null,
        null,
        null,
        null,
        null,
        null,
        null,
        null,
        1,
        null,
        null
      ],
      "/home/wxu/CodeCore/Lab/fundsy/spec/models/campaign_spec.rb": [
        1,
        null,
        1,
        1,
        null,
        1,
        5,
        5,
        5,
        null,
        null,
        1,
        1,
        1,
        null,
        null,
        1,
        null,
        null,
        1,
        1,
        null,
        null,
        1,
        1,
        1,
        null,
        null,
        1,
        1,
        1,
        1,
        null,
        null,
        null,
        null,
        null,
        null
      ],
      "/home/wxu/CodeCore/Lab/fundsy/app/models/campaign.rb": [
        1,
        1,
        null,
        1,
        1,
        1,
        null,
        null
      ],
      "/home/wxu/CodeCore/Lab/fundsy/spec/models/user_spec.rb": [
        1,
        null,
        1,
        null,
        1,
        10,
        null,
        null,
        null,
        10,
        null,
        null,
        null,
        1,
        null,
        1,
        1,
        1,
        null,
        null,
        1,
        1,
        1,
        1,
        null,
        null,
        1,
        1,
        1,
        null,
        null,
        null,
        null,
        null,
        1,
        null,
        1,
        1,
        1,
        1,
        null,
        null,
        1,
        1,
        1,
        null,
        null,
        null,
        null,
        1,
        null,
        1,
        1,
        1,
        1,
        null,
        null,
        null,
        null,
        null
      ],
      "/home/wxu/CodeCore/Lab/fundsy/app/models/user.rb": [
        1,
        1,
        1,
        null,
        1,
        null,
        null,
        null,
        null,
        null,
        null,
        null,
        null,
        1,
        null,
        1,
        2,
        1,
        null,
        1,
        null,
        null,
        null,
        null
      ],
      "/home/wxu/CodeCore/Lab/fundsy/app/validators/email_format_validator.rb": [
        1,
        null,
        1,
        null,
        1,
        58,
        null,
        5,
        null,
        58,
        null,
        null,
        null
      ]
    },
    "timestamp": 1423683249
  }
}
